<?xml version="1.0" encoding="UTF-8"?>
<testsuite xmlns:xsi="http://www.w3.org/2001/XMLSchema-instance" xsi:noNamespaceSchemaLocation="https://maven.apache.org/surefire/maven-surefire-plugin/xsd/surefire-test-report-3.0.xsd" version="3.0" name="pl.qaaacademy.todo.item.BasicTodoItemPropertiesTest" time="0.342" tests="21" errors="0" skipped="0" failures="0">
  <properties>
    <property name="java.specification.version" value="16"/>
    <property name="sun.cpu.isalist" value="amd64"/>
    <property name="sun.jnu.encoding" value="Cp1250"/>
    <property name="java.class.path" value="C:\Users\pawel.jakubus\IdeaProjects\tdd_junit5\target\test-classes;C:\Users\pawel.jakubus\IdeaProjects\tdd_junit5\target\classes;C:\Users\pawel.jakubus\.m2\repository\org\junit\jupiter\junit-jupiter-api\5.8.1\junit-jupiter-api-5.8.1.jar;C:\Users\pawel.jakubus\.m2\repository\org\opentest4j\opentest4j\1.2.0\opentest4j-1.2.0.jar;C:\Users\pawel.jakubus\.m2\repository\org\junit\platform\junit-platform-commons\1.8.1\junit-platform-commons-1.8.1.jar;C:\Users\pawel.jakubus\.m2\repository\org\apiguardian\apiguardian-api\1.1.2\apiguardian-api-1.1.2.jar;C:\Users\pawel.jakubus\.m2\repository\org\junit\jupiter\junit-jupiter-engine\5.8.1\junit-jupiter-engine-5.8.1.jar;C:\Users\pawel.jakubus\.m2\repository\org\junit\platform\junit-platform-engine\1.8.1\junit-platform-engine-1.8.1.jar;C:\Users\pawel.jakubus\.m2\repository\org\apache\maven\plugins\maven-surefire-plugin\3.0.0-M5\maven-surefire-plugin-3.0.0-M5.jar;C:\Users\pawel.jakubus\.m2\repository\org\apache\maven\surefire\maven-surefire-common\3.0.0-M5\maven-surefire-common-3.0.0-M5.jar;C:\Users\pawel.jakubus\.m2\repository\org\apache\maven\surefire\surefire-api\3.0.0-M5\surefire-api-3.0.0-M5.jar;C:\Users\pawel.jakubus\.m2\repository\org\apache\maven\surefire\surefire-logger-api\3.0.0-M5\surefire-logger-api-3.0.0-M5.jar;C:\Users\pawel.jakubus\.m2\repository\org\apache\maven\surefire\surefire-extensions-api\3.0.0-M5\surefire-extensions-api-3.0.0-M5.jar;C:\Users\pawel.jakubus\.m2\repository\org\apache\maven\surefire\surefire-booter\3.0.0-M5\surefire-booter-3.0.0-M5.jar;C:\Users\pawel.jakubus\.m2\repository\org\apache\maven\surefire\surefire-extensions-spi\3.0.0-M5\surefire-extensions-spi-3.0.0-M5.jar;C:\Users\pawel.jakubus\.m2\repository\org\apache\maven\maven-toolchain\3.0-alpha-2\maven-toolchain-3.0-alpha-2.jar;C:\Users\pawel.jakubus\.m2\repository\org\apache\maven\shared\maven-artifact-transfer\0.11.0\maven-artifact-transfer-0.11.0.jar;C:\Users\pawel.jakubus\.m2\repository\org\apache\maven\shared\maven-common-artifact-filters\3.0.1\maven-common-artifact-filters-3.0.1.jar;C:\Users\pawel.jakubus\.m2\repository\org\apache\maven\maven-model\3.0\maven-model-3.0.jar;C:\Users\pawel.jakubus\.m2\repository\org\apache\maven\maven-plugin-api\3.0\maven-plugin-api-3.0.jar;C:\Users\pawel.jakubus\.m2\repository\org\sonatype\sisu\sisu-inject-plexus\1.4.2\sisu-inject-plexus-1.4.2.jar;C:\Users\pawel.jakubus\.m2\repository\org\codehaus\plexus\plexus-classworlds\2.2.3\plexus-classworlds-2.2.3.jar;C:\Users\pawel.jakubus\.m2\repository\org\sonatype\sisu\sisu-inject-bean\1.4.2\sisu-inject-bean-1.4.2.jar;C:\Users\pawel.jakubus\.m2\repository\org\sonatype\sisu\sisu-guice\2.1.7\sisu-guice-2.1.7-noaop.jar;C:\Users\pawel.jakubus\.m2\repository\org\apache\maven\shared\maven-shared-utils\3.1.0\maven-shared-utils-3.1.0.jar;C:\Users\pawel.jakubus\.m2\repository\commons-io\commons-io\2.5\commons-io-2.5.jar;C:\Users\pawel.jakubus\.m2\repository\commons-codec\commons-codec\1.11\commons-codec-1.11.jar;C:\Users\pawel.jakubus\.m2\repository\org\codehaus\plexus\plexus-java\1.0.5\plexus-java-1.0.5.jar;C:\Users\pawel.jakubus\.m2\repository\org\ow2\asm\asm\7.2\asm-7.2.jar;C:\Users\pawel.jakubus\.m2\repository\com\thoughtworks\qdox\qdox\2.0-M9\qdox-2.0-M9.jar;C:\Users\pawel.jakubus\.m2\repository\org\apache\maven\surefire\surefire-shared-utils\3.0.0-M4\surefire-shared-utils-3.0.0-M4.jar;C:\Users\pawel.jakubus\.m2\repository\org\junit\platform\junit-platform-launcher\1.8.1\junit-platform-launcher-1.8.1.jar;C:\Users\pawel.jakubus\.m2\repository\org\apache\logging\log4j\log4j-api\2.14.1\log4j-api-2.14.1.jar;C:\Users\pawel.jakubus\.m2\repository\org\apache\logging\log4j\log4j-core\2.14.1\log4j-core-2.14.1.jar;C:\Users\pawel.jakubus\.m2\repository\org\apache\logging\log4j\log4j-slf4j-impl\2.14.1\log4j-slf4j-impl-2.14.1.jar;C:\Users\pawel.jakubus\.m2\repository\org\slf4j\slf4j-api\1.7.25\slf4j-api-1.7.25.jar;C:\Users\pawel.jakubus\.m2\repository\org\hamcrest\hamcrest\2.2\hamcrest-2.2.jar;C:\Users\pawel.jakubus\.m2\repository\org\apache\commons\commons-lang3\3.12.0\commons-lang3-3.12.0.jar;C:\Users\pawel.jakubus\.m2\repository\org\junit\jupiter\junit-jupiter-params\5.8.1\junit-jupiter-params-5.8.1.jar;"/>
    <property name="java.vm.vendor" value="Oracle Corporation"/>
    <property name="sun.arch.data.model" value="64"/>
    <property name="user.variant" value=""/>
    <property name="java.vendor.url" value="https://java.oracle.com/"/>
    <property name="user.timezone" value="Europe/Warsaw"/>
    <property name="os.name" value="Windows 10"/>
    <property name="java.vm.specification.version" value="16"/>
    <property name="sun.java.launcher" value="SUN_STANDARD"/>
    <property name="user.country" value="US"/>
    <property name="sun.boot.library.path" value="C:\Program Files\Java\jdk-16.0.2\bin"/>
    <property name="sun.java.command" value="C:\Users\pawel.jakubus\AppData\Local\Temp\surefire5495748231187510173\surefirebooter13916989167485045686.jar C:\Users\pawel.jakubus\AppData\Local\Temp\surefire5495748231187510173 2021-10-15T12-20-37_644-jvmRun1 surefire6142378710115492074tmp surefire_015530673824330731301tmp"/>
    <property name="jdk.debug" value="release"/>
    <property name="surefire.test.class.path" value="C:\Users\pawel.jakubus\IdeaProjects\tdd_junit5\target\test-classes;C:\Users\pawel.jakubus\IdeaProjects\tdd_junit5\target\classes;C:\Users\pawel.jakubus\.m2\repository\org\junit\jupiter\junit-jupiter-api\5.8.1\junit-jupiter-api-5.8.1.jar;C:\Users\pawel.jakubus\.m2\repository\org\opentest4j\opentest4j\1.2.0\opentest4j-1.2.0.jar;C:\Users\pawel.jakubus\.m2\repository\org\junit\platform\junit-platform-commons\1.8.1\junit-platform-commons-1.8.1.jar;C:\Users\pawel.jakubus\.m2\repository\org\apiguardian\apiguardian-api\1.1.2\apiguardian-api-1.1.2.jar;C:\Users\pawel.jakubus\.m2\repository\org\junit\jupiter\junit-jupiter-engine\5.8.1\junit-jupiter-engine-5.8.1.jar;C:\Users\pawel.jakubus\.m2\repository\org\junit\platform\junit-platform-engine\1.8.1\junit-platform-engine-1.8.1.jar;C:\Users\pawel.jakubus\.m2\repository\org\apache\maven\plugins\maven-surefire-plugin\3.0.0-M5\maven-surefire-plugin-3.0.0-M5.jar;C:\Users\pawel.jakubus\.m2\repository\org\apache\maven\surefire\maven-surefire-common\3.0.0-M5\maven-surefire-common-3.0.0-M5.jar;C:\Users\pawel.jakubus\.m2\repository\org\apache\maven\surefire\surefire-api\3.0.0-M5\surefire-api-3.0.0-M5.jar;C:\Users\pawel.jakubus\.m2\repository\org\apache\maven\surefire\surefire-logger-api\3.0.0-M5\surefire-logger-api-3.0.0-M5.jar;C:\Users\pawel.jakubus\.m2\repository\org\apache\maven\surefire\surefire-extensions-api\3.0.0-M5\surefire-extensions-api-3.0.0-M5.jar;C:\Users\pawel.jakubus\.m2\repository\org\apache\maven\surefire\surefire-booter\3.0.0-M5\surefire-booter-3.0.0-M5.jar;C:\Users\pawel.jakubus\.m2\repository\org\apache\maven\surefire\surefire-extensions-spi\3.0.0-M5\surefire-extensions-spi-3.0.0-M5.jar;C:\Users\pawel.jakubus\.m2\repository\org\apache\maven\maven-toolchain\3.0-alpha-2\maven-toolchain-3.0-alpha-2.jar;C:\Users\pawel.jakubus\.m2\repository\org\apache\maven\shared\maven-artifact-transfer\0.11.0\maven-artifact-transfer-0.11.0.jar;C:\Users\pawel.jakubus\.m2\repository\org\apache\maven\shared\maven-common-artifact-filters\3.0.1\maven-common-artifact-filters-3.0.1.jar;C:\Users\pawel.jakubus\.m2\repository\org\apache\maven\maven-model\3.0\maven-model-3.0.jar;C:\Users\pawel.jakubus\.m2\repository\org\apache\maven\maven-plugin-api\3.0\maven-plugin-api-3.0.jar;C:\Users\pawel.jakubus\.m2\repository\org\sonatype\sisu\sisu-inject-plexus\1.4.2\sisu-inject-plexus-1.4.2.jar;C:\Users\pawel.jakubus\.m2\repository\org\codehaus\plexus\plexus-classworlds\2.2.3\plexus-classworlds-2.2.3.jar;C:\Users\pawel.jakubus\.m2\repository\org\sonatype\sisu\sisu-inject-bean\1.4.2\sisu-inject-bean-1.4.2.jar;C:\Users\pawel.jakubus\.m2\repository\org\sonatype\sisu\sisu-guice\2.1.7\sisu-guice-2.1.7-noaop.jar;C:\Users\pawel.jakubus\.m2\repository\org\apache\maven\shared\maven-shared-utils\3.1.0\maven-shared-utils-3.1.0.jar;C:\Users\pawel.jakubus\.m2\repository\commons-io\commons-io\2.5\commons-io-2.5.jar;C:\Users\pawel.jakubus\.m2\repository\commons-codec\commons-codec\1.11\commons-codec-1.11.jar;C:\Users\pawel.jakubus\.m2\repository\org\codehaus\plexus\plexus-java\1.0.5\plexus-java-1.0.5.jar;C:\Users\pawel.jakubus\.m2\repository\org\ow2\asm\asm\7.2\asm-7.2.jar;C:\Users\pawel.jakubus\.m2\repository\com\thoughtworks\qdox\qdox\2.0-M9\qdox-2.0-M9.jar;C:\Users\pawel.jakubus\.m2\repository\org\apache\maven\surefire\surefire-shared-utils\3.0.0-M4\surefire-shared-utils-3.0.0-M4.jar;C:\Users\pawel.jakubus\.m2\repository\org\junit\platform\junit-platform-launcher\1.8.1\junit-platform-launcher-1.8.1.jar;C:\Users\pawel.jakubus\.m2\repository\org\apache\logging\log4j\log4j-api\2.14.1\log4j-api-2.14.1.jar;C:\Users\pawel.jakubus\.m2\repository\org\apache\logging\log4j\log4j-core\2.14.1\log4j-core-2.14.1.jar;C:\Users\pawel.jakubus\.m2\repository\org\apache\logging\log4j\log4j-slf4j-impl\2.14.1\log4j-slf4j-impl-2.14.1.jar;C:\Users\pawel.jakubus\.m2\repository\org\slf4j\slf4j-api\1.7.25\slf4j-api-1.7.25.jar;C:\Users\pawel.jakubus\.m2\repository\org\hamcrest\hamcrest\2.2\hamcrest-2.2.jar;C:\Users\pawel.jakubus\.m2\repository\org\apache\commons\commons-lang3\3.12.0\commons-lang3-3.12.0.jar;C:\Users\pawel.jakubus\.m2\repository\org\junit\jupiter\junit-jupiter-params\5.8.1\junit-jupiter-params-5.8.1.jar;"/>
    <property name="sun.cpu.endian" value="little"/>
    <property name="user.home" value="C:\Users\pawel.jakubus"/>
    <property name="user.language" value="en"/>
    <property name="java.specification.vendor" value="Oracle Corporation"/>
    <property name="java.version.date" value="2021-07-20"/>
    <property name="java.home" value="C:\Program Files\Java\jdk-16.0.2"/>
    <property name="file.separator" value="\"/>
    <property name="basedir" value="C:\Users\pawel.jakubus\IdeaProjects\tdd_junit5"/>
    <property name="java.vm.compressedOopsMode" value="Zero based"/>
    <property name="line.separator" value="&#10;"/>
    <property name="java.vm.specification.vendor" value="Oracle Corporation"/>
    <property name="java.specification.name" value="Java Platform API Specification"/>
    <property name="surefire.real.class.path" value="C:\Users\pawel.jakubus\AppData\Local\Temp\surefire5495748231187510173\surefirebooter13916989167485045686.jar"/>
    <property name="user.script" value=""/>
    <property name="sun.management.compiler" value="HotSpot 64-Bit Tiered Compilers"/>
    <property name="java.runtime.version" value="16.0.2+7-67"/>
    <property name="user.name" value="pawel.jakubus"/>
    <property name="path.separator" value=";"/>
    <property name="os.version" value="10.0"/>
    <property name="java.runtime.name" value="Java(TM) SE Runtime Environment"/>
    <property name="file.encoding" value="Cp1252"/>
    <property name="java.vm.name" value="Java HotSpot(TM) 64-Bit Server VM"/>
    <property name="localRepository" value="C:\Users\pawel.jakubus\.m2\repository"/>
    <property name="java.vendor.url.bug" value="https://bugreport.java.com/bugreport/"/>
    <property name="java.io.tmpdir" value="C:\Users\PAWEL~1.JAK\AppData\Local\Temp\"/>
    <property name="java.version" value="16.0.2"/>
    <property name="user.dir" value="C:\Users\pawel.jakubus\IdeaProjects\tdd_junit5"/>
    <property name="os.arch" value="amd64"/>
    <property name="groups" value="unit"/>
    <property name="java.vm.specification.name" value="Java Virtual Machine Specification"/>
    <property name="sun.os.patch.level" value=""/>
    <property name="java.library.path" value="C:\Program Files\Java\jdk-16.0.2\bin;C:\Windows\Sun\Java\bin;C:\Windows\system32;C:\Windows;C:\Program Files\Common Files\Oracle\Java\javapath;C:\Windows\system32;C:\Windows;C:\Windows\System32\Wbem;C:\Windows\System32\WindowsPowerShell\v1.0\;C:\Windows\System32\OpenSSH\;C:\Program Files\Git\cmd;C:\Users\pawel.jakubus\apache-maven-3.8.2-bin\apache-maven-3.8.2\bin;C:\Drivers;C:\Users\pawel.jakubus\AppData\Local\Microsoft\WindowsApps;C:\Users\pawel.jakubus\AppData\Local\GitHubDesktop\bin;."/>
    <property name="java.vm.info" value="mixed mode, sharing"/>
    <property name="java.vendor" value="Oracle Corporation"/>
    <property name="java.vm.version" value="16.0.2+7-67"/>
    <property name="sun.io.unicode.encoding" value="UnicodeLittle"/>
    <property name="java.class.version" value="60.0"/>
  </properties>
  <testcase name="shouldNotCreateTodoItemWithInvalidTitleAndDescription" classname="pl.qaaacademy.todo.item.BasicTodoItemPropertiesTest" time="0.039">
    <system-out><![CDATA[12:20:38.647 [ForkJoinPool-1-worker-11] ERROR pl.qaaacademy.todo.item.TodoItem - Item title is null or blank
12:20:38.647 [ForkJoinPool-1-worker-3] ERROR pl.qaaacademy.todo.item.TodoItem - Item title is null or blank
12:20:38.647 [ForkJoinPool-1-worker-13] ERROR pl.qaaacademy.todo.item.TodoItem - Item description is null or longer than 250 characters
12:20:38.647 [ForkJoinPool-1-worker-9] WARN  pl.qaaacademy.todo.item.BasicTodoItemPropertiesTest - This is the test log string
12:20:38.647 [ForkJoinPool-1-worker-1] ERROR pl.qaaacademy.todo.item.TodoItem - Status cannot be changed for COMPLETED item
]]></system-out>
  </testcase>
  <testcase name="shouldCreateTodoItemWithTitleAndDescription" classname="pl.qaaacademy.todo.item.BasicTodoItemPropertiesTest" time="0.036"/>
  <testcase name="shouldNotSetANewDescriptionLongerThan250Chars" classname="pl.qaaacademy.todo.item.BasicTodoItemPropertiesTest" time="0.036"/>
  <testcase name="shouldNotToggleStatusFromCompleteToInProgress" classname="pl.qaaacademy.todo.item.BasicTodoItemPropertiesTest" time="0.036"/>
  <testcase name="shouldCompleteATaskRepresentedByItem" classname="pl.qaaacademy.todo.item.BasicTodoItemPropertiesTest" time="0.036"/>
  <testcase name="shouldNotToggleStatusFromPendingToComplete" classname="pl.qaaacademy.todo.item.BasicTodoItemPropertiesTest" time="0.036"/>
  <testcase name="shouldThrowAnExceptionWhileCreatingItemWithEmptyTitle" classname="pl.qaaacademy.todo.item.BasicTodoItemPropertiesTest" time="0.036"/>
  <testcase name="shouldToggleStatusFromInProgressToPending" classname="pl.qaaacademy.todo.item.BasicTodoItemPropertiesTest" time="0.001"/>
  <testcase name="shouldCreateItemWithPendingStatus" classname="pl.qaaacademy.todo.item.BasicTodoItemPropertiesTest" time="0.001"/>
  <testcase name="shouldNotCreateATodoItemWithNullDescription" classname="pl.qaaacademy.todo.item.BasicTodoItemPropertiesTest" time="0.003">
    <system-out><![CDATA[12:20:38.660 [ForkJoinPool-1-worker-3] ERROR pl.qaaacademy.todo.item.TodoItem - Item description is null or longer than 250 characters
12:20:38.660 [ForkJoinPool-1-worker-11] ERROR pl.qaaacademy.todo.item.TodoItem - Item description is null or longer than 250 characters
12:20:38.660 [ForkJoinPool-1-worker-15] ERROR pl.qaaacademy.todo.item.TodoItem - Item title is null or blank
]]></system-out>
  </testcase>
  <testcase name="shouldThrowAnExceptionWhileSettingAnEmptyTitle" classname="pl.qaaacademy.todo.item.BasicTodoItemPropertiesTest" time="0.003"/>
  <testcase name="shouldNotSetAnNullNewDescription" classname="pl.qaaacademy.todo.item.BasicTodoItemPropertiesTest" time="0.003"/>
  <testcase name="shouldToggleStatusFromPendingToInProgress" classname="pl.qaaacademy.todo.item.BasicTodoItemPropertiesTest" time="0"/>
  <testcase name="shouldNotCreateATodoItemWithDescriptionLongerThan250Chars" classname="pl.qaaacademy.todo.item.BasicTodoItemPropertiesTest" time="0.003">
    <system-out><![CDATA[12:20:38.663 [ForkJoinPool-1-worker-7] ERROR pl.qaaacademy.todo.item.TodoItem - Item description is null or longer than 250 characters
]]></system-out>
  </testcase>
  <testcase name="checkingIfExceptionIsThrownWhileSettingTitleThatDoesNotMeetSpecifiedCriteria" classname="pl.qaaacademy.todo.item.BasicTodoItemPropertiesTest" time="0.004">
    <system-out><![CDATA[12:20:38.663 [ForkJoinPool-1-worker-1] ERROR pl.qaaacademy.todo.item.TodoItem - This item title does not meet all given criteria
]]></system-out>
  </testcase>
  <testcase name="shouldCreateValidTodoItemWithArgumentsSource(String, String)[1]" classname="pl.qaaacademy.todo.item.BasicTodoItemPropertiesTest" time="0.006"/>
  <testcase name="shouldCreateValidTodoItemWithArgumentsSource(String, String)[3]" classname="pl.qaaacademy.todo.item.BasicTodoItemPropertiesTest" time="0.051"/>
  <testcase name="shouldCreateValidTodoItemWithArgumentsSource(String, String)[2]" classname="pl.qaaacademy.todo.item.BasicTodoItemPropertiesTest" time="0.006"/>
  <testcase name="shouldCreateValidTodoItemCsvFileSource(String, String)[2]" classname="pl.qaaacademy.todo.item.BasicTodoItemPropertiesTest" time="0"/>
  <testcase name="shouldCreateValidTodoItemCsvFileSource(String, String)[1]" classname="pl.qaaacademy.todo.item.BasicTodoItemPropertiesTest" time="0"/>
  <testcase name="shouldCreateValidTodoItemCsvFileSource(String, String)[3]" classname="pl.qaaacademy.todo.item.BasicTodoItemPropertiesTest" time="0"/>
</testsuite>